2025-03-18T22:13:27.601550+0100 ERROR Invalid chart data: Data cannot be None.
2025-03-18T22:13:27.601848+0100 ERROR Invalid chart data: Data must be a pandas DataFrame or a dictionary that can be converted to one.
2025-03-18T22:13:27.602358+0100 INFO Generating bar chart | Column: category, Orientation: None
2025-03-18T22:13:27.943674+0100 INFO Bar chart successfully created.
2025-03-18T22:13:27.943788+0100 INFO Generating bar chart | Column: None, Orientation: None
2025-03-18T22:13:27.963645+0100 INFO Bar chart successfully created.
2025-03-18T22:13:27.963908+0100 ERROR Invalid chart data: column argument is not in the DataFrame data.
2025-03-18T22:13:31.767372+0100 ERROR Invalid pie chart data: Data cannot be None.
2025-03-18T22:13:31.767632+0100 ERROR Invalid pie chart data: Data must be a pandas DataFrame or a dictionary that can be converted to one.
2025-03-18T22:13:31.768176+0100 ERROR Invalid pie chart data: column argument is not in the DataFrame data.
2025-03-18T22:13:31.768564+0100 INFO Generating pie chart | Column: category, Show legend: None
2025-03-18T22:13:31.967994+0100 INFO Pie chart successfully created.
2025-03-18T22:14:24.464996+0100 INFO MongoDB connected successfully!
2025-03-18T22:14:27.117756+0100 INFO Fetching data from MongoDB | Database: test_db, Collection: kengrams
2025-03-18T22:14:27.118043+0100 INFO MongoDB connected successfully!
2025-03-18T22:14:27.118092+0100 INFO Accessing database: test_db
2025-03-18T22:14:27.119222+0100 INFO Retrieved 2 records from kengrams
2025-03-18T22:14:27.119446+0100 INFO MongoDB connection closed.
2025-03-18T22:14:29.782470+0100 INFO MongoDB connected successfully!
2025-03-18T22:14:29.782840+0100 INFO Fetching data from MongoDB | Database: test_db, Collection: other_collection
2025-03-18T22:14:29.782942+0100 INFO Accessing database: test_db
2025-03-18T22:14:29.783520+0100 INFO Retrieved 2 records from other_collection
2025-03-18T22:14:29.783794+0100 INFO MongoDB connection closed.
